<?xml version="1.0" encoding="UTF-8"?>
<!-- Generated by org.testng.reporters.JUnitReportReporter -->
<testsuite skipped="0" hostname="DESKTOP-CG9G5TL" name="check.LoginDemo" tests="1" failures="0" timestamp="02 Oct 2019 09:05:29 GMT" time="41.354" errors="0">
  <testcase name="Checking" time="41.354" classname="check.LoginDemo"/>
</testsuite> <!-- check.LoginDemo -->
